<?xml version="1.0" encoding="UTF-8"?>
<!-- Generated by org.testng.reporters.JUnitReportReporter -->
<testsuite hostname="DESKTOP-U691P5C" failures="0" tests="1" name="Testperform.practiceAppim.DragGestoreDemoTest" time="11.798" errors="0" timestamp="2023-11-27T14:09:09 IST" skipped="0">
  <testcase classname="Testperform.practiceAppim.DragGestoreDemoTest" name="verifyLongClickFunctionality" time="11.798"/>
</testsuite> <!-- Testperform.practiceAppim.DragGestoreDemoTest -->
