<?xml version="1.0" encoding="UTF-8"?>
<!-- Generated by org.testng.reporters.JUnitReportReporter -->
<testsuite hostname="DESKTOP-U691P5C" failures="0" tests="1" name="Testperform.practiceAppim.MiscellaneousTest" time="25.647" errors="0" timestamp="2023-11-27T17:06:48 IST" skipped="0">
  <testcase classname="Testperform.practiceAppim.MiscellaneousTest" name="miscellaneousDemoRotate" time="25.647"/>
</testsuite> <!-- Testperform.practiceAppim.MiscellaneousTest -->
