<?xml version="1.0" encoding="UTF-8"?>
<!-- Generated by org.testng.reporters.JUnitReportReporter -->
<testsuite hostname="DESKTOP-U691P5C" failures="0" tests="1" name="Testperform.practiceAppim.LonPressGestureTest" time="16.058" errors="0" timestamp="2023-11-28T18:37:43 IST" skipped="0">
  <testcase classname="Testperform.practiceAppim.LonPressGestureTest" name="verifyLongClickFunctionality" time="16.058"/>
</testsuite> <!-- Testperform.practiceAppim.LonPressGestureTest -->
