<?xml version="1.0" encoding="UTF-8"?>
<!-- Generated by org.testng.reporters.JUnitReportReporter -->
<testsuite hostname="DESKTOP-U691P5C" failures="0" tests="1" name="Testperform.practiceAppim.scrollingGestoreDemoTest" time="5.967" errors="0" timestamp="2023-11-30T11:50:26 IST" skipped="0">
  <testcase classname="Testperform.practiceAppim.scrollingGestoreDemoTest" name="verifyLongClickFunctionality" time="5.967"/>
</testsuite> <!-- Testperform.practiceAppim.scrollingGestoreDemoTest -->
